d:\a. 컴퓨터그래픽스\2016\추가예제-자료실등록\animation_dolly\debug\animation_dolly.obj
d:\a. 컴퓨터그래픽스\2016\추가예제-자료실등록\animation_dolly\debug\vc100.pdb
d:\a. 컴퓨터그래픽스\2016\추가예제-자료실등록\animation_dolly\debug\animation_dolly.ilk
d:\a. 컴퓨터그래픽스\2016\추가예제-자료실등록\animation_dolly\debug\animation_dolly.exe
d:\a. 컴퓨터그래픽스\2016\추가예제-자료실등록\animation_dolly\debug\animation_dolly.exe.intermediate.manifest
d:\a. 컴퓨터그래픽스\2016\추가예제-자료실등록\animation_dolly\debug\animation_dolly.pdb
d:\a. 컴퓨터그래픽스\2016\추가예제-자료실등록\animation_dolly\debug\animation_dolly.exe.embed.manifest
d:\a. 컴퓨터그래픽스\2016\추가예제-자료실등록\animation_dolly\debug\animation_dolly.exe.embed.manifest.res
d:\a. 컴퓨터그래픽스\2018\추가예제-자료실등록\animation_dolly\debug\animation_dolly.obj
d:\a. 컴퓨터그래픽스\2018\추가예제-자료실등록\animation_dolly\debug\animation_dolly.ilk
d:\a. 컴퓨터그래픽스\2018\추가예제-자료실등록\animation_dolly\debug\animation_dolly.write.1.tlog
d:\a. 컴퓨터그래픽스\2018\추가예제-자료실등록\animation_dolly\debug\cl.command.1.tlog
d:\a. 컴퓨터그래픽스\2018\추가예제-자료실등록\animation_dolly\debug\cl.read.1.tlog
d:\a. 컴퓨터그래픽스\2018\추가예제-자료실등록\animation_dolly\debug\cl.write.1.tlog
d:\a. 컴퓨터그래픽스\2018\추가예제-자료실등록\animation_dolly\debug\link-cvtres.read.1.tlog
d:\a. 컴퓨터그래픽스\2018\추가예제-자료실등록\animation_dolly\debug\link-cvtres.write.1.tlog
d:\a. 컴퓨터그래픽스\2018\추가예제-자료실등록\animation_dolly\debug\link.16144-cvtres.read.1.tlog
d:\a. 컴퓨터그래픽스\2018\추가예제-자료실등록\animation_dolly\debug\link.16144-cvtres.write.1.tlog
d:\a. 컴퓨터그래픽스\2018\추가예제-자료실등록\animation_dolly\debug\link.16144.read.1.tlog
d:\a. 컴퓨터그래픽스\2018\추가예제-자료실등록\animation_dolly\debug\link.16144.write.1.tlog
d:\a. 컴퓨터그래픽스\2018\추가예제-자료실등록\animation_dolly\debug\link.command.1.tlog
d:\a. 컴퓨터그래픽스\2018\추가예제-자료실등록\animation_dolly\debug\link.read.1.tlog
d:\a. 컴퓨터그래픽스\2018\추가예제-자료실등록\animation_dolly\debug\link.write.1.tlog
d:\a. 컴퓨터그래픽스\2018\추가예제-자료실등록\animation_dolly\debug\mt.command.1.tlog
d:\a. 컴퓨터그래픽스\2018\추가예제-자료실등록\animation_dolly\debug\mt.read.1.tlog
d:\a. 컴퓨터그래픽스\2018\추가예제-자료실등록\animation_dolly\debug\mt.write.1.tlog
d:\a. 컴퓨터그래픽스\2018\추가예제-자료실등록\animation_dolly\debug\rc.command.1.tlog
d:\a. 컴퓨터그래픽스\2018\추가예제-자료실등록\animation_dolly\debug\rc.read.1.tlog
d:\a. 컴퓨터그래픽스\2018\추가예제-자료실등록\animation_dolly\debug\rc.write.1.tlog
d:\a. 컴퓨터그래픽스\2018\추가예제-자료실등록\animation_dolly\debug\animation_dolly.exe.embed.manifest
d:\a. 컴퓨터그래픽스\2018\추가예제-자료실등록\animation_dolly\debug\animation_dolly.exe.intermediate.manifest
d:\a. 컴퓨터그래픽스\2018\추가예제-자료실등록\animation_dolly\debug\animation_dolly.exe.embed.manifest.res
d:\a. 컴퓨터그래픽스\2018\추가예제-자료실등록\animation_dolly\debug\vc100.idb
d:\a. 컴퓨터그래픽스\2018\추가예제-자료실등록\animation_dolly\debug\animation_dolly.pdb
d:\a. 컴퓨터그래픽스\2018\추가예제-자료실등록\animation_dolly\debug\vc100.pdb
d:\a. 컴퓨터그래픽스\2018\추가예제-자료실등록\animation_dolly\debug\animation_dolly_manifest.rc
d:\a. 컴퓨터그래픽스\2018\추가예제-자료실등록\animation_dolly\debug\animation_dolly.exe
