d:\a. 컴퓨터그래픽스\2016\추가예제\cube_rotate\debug\cube_rotate.obj
d:\a. 컴퓨터그래픽스\2016\추가예제\cube_rotate\debug\vc100.pdb
d:\a. 컴퓨터그래픽스\2016\추가예제-자료실등록\cube_rotate\debug\cube_rotate.obj
d:\a. 컴퓨터그래픽스\2016\추가예제-자료실등록\cube_rotate\debug\vc100.pdb
d:\a. 컴퓨터그래픽스\2016\추가예제\cube_rotate\debug\cube_rotate.ilk
d:\a. 컴퓨터그래픽스\2016\추가예제\cube_rotate\debug\cube_rotate.exe
d:\a. 컴퓨터그래픽스\2016\추가예제\cube_rotate\debug\cube_rotate.exe.intermediate.manifest
d:\a. 컴퓨터그래픽스\2016\추가예제\cube_rotate\debug\cube_rotate.pdb
d:\a. 컴퓨터그래픽스\2016\추가예제-자료실등록\cube_rotate\debug\cube_rotate.ilk
d:\a. 컴퓨터그래픽스\2016\추가예제-자료실등록\cube_rotate\debug\cube_rotate.exe
d:\a. 컴퓨터그래픽스\2016\추가예제-자료실등록\cube_rotate\debug\cube_rotate.exe.intermediate.manifest
d:\a. 컴퓨터그래픽스\2016\추가예제-자료실등록\cube_rotate\debug\cube_rotate.pdb
d:\a. 컴퓨터그래픽스\2016\추가예제\cube_rotate\debug\cube_rotate.exe.embed.manifest
d:\a. 컴퓨터그래픽스\2016\추가예제\cube_rotate\debug\cube_rotate.exe.embed.manifest.res
d:\a. 컴퓨터그래픽스\2016\추가예제-자료실등록\cube_rotate\debug\cube_rotate.exe.embed.manifest.res
d:\a. 컴퓨터그래픽스\2018\추가예제-자료실등록\cube_rotate\debug\cube_rotate.vcxprojresolveassemblyreference.cache
d:\a. 컴퓨터그래픽스\2018\추가예제-자료실등록\cube_rotate\debug\cube_rotate.obj
d:\a. 컴퓨터그래픽스\2018\추가예제-자료실등록\cube_rotate\debug\cube_rotate.ilk
d:\a. 컴퓨터그래픽스\2018\추가예제-자료실등록\cube_rotate\debug\cl.command.1.tlog
d:\a. 컴퓨터그래픽스\2018\추가예제-자료실등록\cube_rotate\debug\cl.read.1.tlog
d:\a. 컴퓨터그래픽스\2018\추가예제-자료실등록\cube_rotate\debug\cl.write.1.tlog
d:\a. 컴퓨터그래픽스\2018\추가예제-자료실등록\cube_rotate\debug\cube_rotate.write.1.tlog
d:\a. 컴퓨터그래픽스\2018\추가예제-자료실등록\cube_rotate\debug\link-cvtres.read.1.tlog
d:\a. 컴퓨터그래픽스\2018\추가예제-자료실등록\cube_rotate\debug\link-cvtres.write.1.tlog
d:\a. 컴퓨터그래픽스\2018\추가예제-자료실등록\cube_rotate\debug\link.19176-cvtres.read.1.tlog
d:\a. 컴퓨터그래픽스\2018\추가예제-자료실등록\cube_rotate\debug\link.19176-cvtres.write.1.tlog
d:\a. 컴퓨터그래픽스\2018\추가예제-자료실등록\cube_rotate\debug\link.19176.read.1.tlog
d:\a. 컴퓨터그래픽스\2018\추가예제-자료실등록\cube_rotate\debug\link.19176.write.1.tlog
d:\a. 컴퓨터그래픽스\2018\추가예제-자료실등록\cube_rotate\debug\link.command.1.tlog
d:\a. 컴퓨터그래픽스\2018\추가예제-자료실등록\cube_rotate\debug\link.read.1.tlog
d:\a. 컴퓨터그래픽스\2018\추가예제-자료실등록\cube_rotate\debug\link.write.1.tlog
d:\a. 컴퓨터그래픽스\2018\추가예제-자료실등록\cube_rotate\debug\mt.command.1.tlog
d:\a. 컴퓨터그래픽스\2018\추가예제-자료실등록\cube_rotate\debug\mt.read.1.tlog
d:\a. 컴퓨터그래픽스\2018\추가예제-자료실등록\cube_rotate\debug\mt.write.1.tlog
d:\a. 컴퓨터그래픽스\2018\추가예제-자료실등록\cube_rotate\debug\rc.command.1.tlog
d:\a. 컴퓨터그래픽스\2018\추가예제-자료실등록\cube_rotate\debug\rc.read.1.tlog
d:\a. 컴퓨터그래픽스\2018\추가예제-자료실등록\cube_rotate\debug\rc.write.1.tlog
d:\a. 컴퓨터그래픽스\2018\추가예제-자료실등록\cube_rotate\debug\cube_rotate.exe.embed.manifest
d:\a. 컴퓨터그래픽스\2018\추가예제-자료실등록\cube_rotate\debug\cube_rotate.exe.intermediate.manifest
d:\a. 컴퓨터그래픽스\2018\추가예제-자료실등록\cube_rotate\debug\cube_rotate.exe.embed.manifest.res
d:\a. 컴퓨터그래픽스\2018\추가예제-자료실등록\cube_rotate\debug\vc100.idb
d:\a. 컴퓨터그래픽스\2018\추가예제-자료실등록\cube_rotate\debug\cube_rotate.pdb
d:\a. 컴퓨터그래픽스\2018\추가예제-자료실등록\cube_rotate\debug\vc100.pdb
d:\a. 컴퓨터그래픽스\2018\추가예제-자료실등록\cube_rotate\debug\cube_rotate_manifest.rc
d:\a. 컴퓨터그래픽스\2018\추가예제-자료실등록\cube_rotate\debug\cube_rotate.exe
