d:\a. 컴퓨터그래픽스\2016\추가예제-자료실등록\animation_object\debug\animation_object.obj
d:\a. 컴퓨터그래픽스\2016\추가예제-자료실등록\animation_object\debug\vc100.pdb
d:\a. 컴퓨터그래픽스\2016\추가예제-자료실등록\animation_object\debug\animation_object.ilk
d:\a. 컴퓨터그래픽스\2016\추가예제-자료실등록\animation_object\debug\animation_object.exe
d:\a. 컴퓨터그래픽스\2016\추가예제-자료실등록\animation_object\debug\animation_object.exe.intermediate.manifest
d:\a. 컴퓨터그래픽스\2016\추가예제-자료실등록\animation_object\debug\animation_object.pdb
d:\a. 컴퓨터그래픽스\2016\추가예제-자료실등록\animation_object\debug\animation_object.exe.embed.manifest
d:\a. 컴퓨터그래픽스\2016\추가예제-자료실등록\animation_object\debug\animation_object.exe.embed.manifest.res
d:\a. 컴퓨터그래픽스\2018\추가예제-자료실등록\animation_object\debug\animation_object.obj
d:\a. 컴퓨터그래픽스\2018\추가예제-자료실등록\animation_object\debug\animation_object.ilk
d:\a. 컴퓨터그래픽스\2018\추가예제-자료실등록\animation_object\debug\animation_object.write.1.tlog
d:\a. 컴퓨터그래픽스\2018\추가예제-자료실등록\animation_object\debug\cl.command.1.tlog
d:\a. 컴퓨터그래픽스\2018\추가예제-자료실등록\animation_object\debug\cl.read.1.tlog
d:\a. 컴퓨터그래픽스\2018\추가예제-자료실등록\animation_object\debug\cl.write.1.tlog
d:\a. 컴퓨터그래픽스\2018\추가예제-자료실등록\animation_object\debug\link-cvtres.read.1.tlog
d:\a. 컴퓨터그래픽스\2018\추가예제-자료실등록\animation_object\debug\link-cvtres.write.1.tlog
d:\a. 컴퓨터그래픽스\2018\추가예제-자료실등록\animation_object\debug\link.14292-cvtres.read.1.tlog
d:\a. 컴퓨터그래픽스\2018\추가예제-자료실등록\animation_object\debug\link.14292-cvtres.write.1.tlog
d:\a. 컴퓨터그래픽스\2018\추가예제-자료실등록\animation_object\debug\link.14292.read.1.tlog
d:\a. 컴퓨터그래픽스\2018\추가예제-자료실등록\animation_object\debug\link.14292.write.1.tlog
d:\a. 컴퓨터그래픽스\2018\추가예제-자료실등록\animation_object\debug\link.command.1.tlog
d:\a. 컴퓨터그래픽스\2018\추가예제-자료실등록\animation_object\debug\link.read.1.tlog
d:\a. 컴퓨터그래픽스\2018\추가예제-자료실등록\animation_object\debug\link.write.1.tlog
d:\a. 컴퓨터그래픽스\2018\추가예제-자료실등록\animation_object\debug\mt.command.1.tlog
d:\a. 컴퓨터그래픽스\2018\추가예제-자료실등록\animation_object\debug\mt.read.1.tlog
d:\a. 컴퓨터그래픽스\2018\추가예제-자료실등록\animation_object\debug\mt.write.1.tlog
d:\a. 컴퓨터그래픽스\2018\추가예제-자료실등록\animation_object\debug\rc.command.1.tlog
d:\a. 컴퓨터그래픽스\2018\추가예제-자료실등록\animation_object\debug\rc.read.1.tlog
d:\a. 컴퓨터그래픽스\2018\추가예제-자료실등록\animation_object\debug\rc.write.1.tlog
d:\a. 컴퓨터그래픽스\2018\추가예제-자료실등록\animation_object\debug\animation_object.exe.embed.manifest
d:\a. 컴퓨터그래픽스\2018\추가예제-자료실등록\animation_object\debug\animation_object.exe.intermediate.manifest
d:\a. 컴퓨터그래픽스\2018\추가예제-자료실등록\animation_object\debug\animation_object.exe.embed.manifest.res
d:\a. 컴퓨터그래픽스\2018\추가예제-자료실등록\animation_object\debug\vc100.idb
d:\a. 컴퓨터그래픽스\2018\추가예제-자료실등록\animation_object\debug\animation_object.pdb
d:\a. 컴퓨터그래픽스\2018\추가예제-자료실등록\animation_object\debug\vc100.pdb
d:\a. 컴퓨터그래픽스\2018\추가예제-자료실등록\animation_object\debug\animation_object_manifest.rc
d:\a. 컴퓨터그래픽스\2018\추가예제-자료실등록\animation_object\debug\animation_object.exe
