d:\a. 컴퓨터그래픽스\예제\캐릭터 애니메이션\display_face_without_texture\debug\perspective.obj
d:\a. 컴퓨터그래픽스\예제\캐릭터 애니메이션\display_face_without_texture\debug\readbmp.obj
d:\a. 컴퓨터그래픽스\예제\캐릭터 애니메이션\display_face_without_texture\debug\vc100.pdb
d:\a. 컴퓨터그래픽스\예제\캐릭터 애니메이션\display_face_without_texture\debug\perspective.ilk
d:\a. 컴퓨터그래픽스\예제\캐릭터 애니메이션\display_face_without_texture\debug\perspective.exe
d:\a. 컴퓨터그래픽스\예제\캐릭터 애니메이션\display_face_without_texture\debug\perspective.exe.intermediate.manifest
d:\a. 컴퓨터그래픽스\예제\캐릭터 애니메이션\display_face_without_texture\debug\perspective.pdb
d:\a. 컴퓨터그래픽스\예제\캐릭터 애니메이션\display_face_without_texture\debug\perspective.exe.embed.manifest
d:\a. 컴퓨터그래픽스\예제\캐릭터 애니메이션\display_face_without_texture\debug\perspective.exe.embed.manifest.res
d:\a. 컴퓨터그래픽스\2018\추가예제-자료실등록\3dmax_face_without_texture\debug\vc141.pdb
d:\a. 컴퓨터그래픽스\2018\추가예제-자료실등록\3dmax_face_without_texture\debug\vc141.idb
d:\a. 컴퓨터그래픽스\2018\추가예제-자료실등록\3dmax_face_without_texture\debug\readbmp.obj
d:\a. 컴퓨터그래픽스\2018\추가예제-자료실등록\3dmax_face_without_texture\debug\perspective.ilk
d:\a. 컴퓨터그래픽스\2018\추가예제-자료실등록\3dmax_face_without_texture\debug\cl.command.1.tlog
d:\a. 컴퓨터그래픽스\2018\추가예제-자료실등록\3dmax_face_without_texture\debug\cl.read.1.tlog
d:\a. 컴퓨터그래픽스\2018\추가예제-자료실등록\3dmax_face_without_texture\debug\cl.write.1.tlog
d:\a. 컴퓨터그래픽스\2018\추가예제-자료실등록\3dmax_face_without_texture\debug\link-cvtres.read.1.tlog
d:\a. 컴퓨터그래픽스\2018\추가예제-자료실등록\3dmax_face_without_texture\debug\link-cvtres.write.1.tlog
d:\a. 컴퓨터그래픽스\2018\추가예제-자료실등록\3dmax_face_without_texture\debug\link.16452-cvtres.read.1.tlog
d:\a. 컴퓨터그래픽스\2018\추가예제-자료실등록\3dmax_face_without_texture\debug\link.16452-cvtres.write.1.tlog
d:\a. 컴퓨터그래픽스\2018\추가예제-자료실등록\3dmax_face_without_texture\debug\link.16452.read.1.tlog
d:\a. 컴퓨터그래픽스\2018\추가예제-자료실등록\3dmax_face_without_texture\debug\link.16452.write.1.tlog
d:\a. 컴퓨터그래픽스\2018\추가예제-자료실등록\3dmax_face_without_texture\debug\link.command.1.tlog
d:\a. 컴퓨터그래픽스\2018\추가예제-자료실등록\3dmax_face_without_texture\debug\link.read.1.tlog
d:\a. 컴퓨터그래픽스\2018\추가예제-자료실등록\3dmax_face_without_texture\debug\link.write.1.tlog
d:\a. 컴퓨터그래픽스\2018\추가예제-자료실등록\3dmax_face_without_texture\debug\mt.command.1.tlog
d:\a. 컴퓨터그래픽스\2018\추가예제-자료실등록\3dmax_face_without_texture\debug\mt.read.1.tlog
d:\a. 컴퓨터그래픽스\2018\추가예제-자료실등록\3dmax_face_without_texture\debug\mt.write.1.tlog
d:\a. 컴퓨터그래픽스\2018\추가예제-자료실등록\3dmax_face_without_texture\debug\perspective.write.1.tlog
d:\a. 컴퓨터그래픽스\2018\추가예제-자료실등록\3dmax_face_without_texture\debug\rc.command.1.tlog
d:\a. 컴퓨터그래픽스\2018\추가예제-자료실등록\3dmax_face_without_texture\debug\rc.read.1.tlog
d:\a. 컴퓨터그래픽스\2018\추가예제-자료실등록\3dmax_face_without_texture\debug\rc.write.1.tlog
d:\a. 컴퓨터그래픽스\2018\추가예제-자료실등록\3dmax_face_without_texture\debug\perspective.exe.embed.manifest
d:\a. 컴퓨터그래픽스\2018\추가예제-자료실등록\3dmax_face_without_texture\debug\perspective.exe.intermediate.manifest
d:\a. 컴퓨터그래픽스\2018\추가예제-자료실등록\3dmax_face_without_texture\debug\perspective.exe.embed.manifest.res
d:\a. 컴퓨터그래픽스\2018\추가예제-자료실등록\3dmax_face_without_texture\debug\vc100.idb
d:\a. 컴퓨터그래픽스\2018\추가예제-자료실등록\3dmax_face_without_texture\debug\perspective.pdb
d:\a. 컴퓨터그래픽스\2018\추가예제-자료실등록\3dmax_face_without_texture\debug\vc100.pdb
d:\a. 컴퓨터그래픽스\2018\추가예제-자료실등록\3dmax_face_without_texture\debug\perspective_manifest.rc
d:\a. 컴퓨터그래픽스\2018\추가예제-자료실등록\3dmax_face_without_texture\debug\perspective.exe
d:\a. 컴퓨터그래픽스\2018\추가예제-자료실등록\3dmax_face_without_texture\debug\perspective.tlog\cl.command.1.tlog
d:\a. 컴퓨터그래픽스\2018\추가예제-자료실등록\3dmax_face_without_texture\debug\perspective.tlog\cl.read.1.tlog
d:\a. 컴퓨터그래픽스\2018\추가예제-자료실등록\3dmax_face_without_texture\debug\perspective.tlog\cl.write.1.tlog
