d:\a. 컴퓨터그래픽스\2016\추가예제-자료실등록\block_game\debug\game.obj
d:\a. 컴퓨터그래픽스\2016\추가예제-자료실등록\block_game\debug\vc100.pdb
d:\a. 컴퓨터그래픽스\2016\추가예제-자료실등록\block_game\debug\game.ilk
d:\a. 컴퓨터그래픽스\2016\추가예제-자료실등록\block_game\debug\game.exe
d:\a. 컴퓨터그래픽스\2016\추가예제-자료실등록\block_game\debug\game.exe.intermediate.manifest
d:\a. 컴퓨터그래픽스\2016\추가예제-자료실등록\block_game\debug\game.pdb
d:\a. 컴퓨터그래픽스\2016\추가예제-자료실등록\block_game\debug\game.exe.embed.manifest
d:\a. 컴퓨터그래픽스\2016\추가예제-자료실등록\block_game\debug\game.exe.embed.manifest.res
d:\a. 컴퓨터그래픽스\2018\추가예제-자료실등록\block_game\debug\game.vcxprojresolveassemblyreference.cache
d:\a. 컴퓨터그래픽스\2018\추가예제-자료실등록\block_game\debug\game.obj
d:\a. 컴퓨터그래픽스\2018\추가예제-자료실등록\block_game\debug\game.ilk
d:\a. 컴퓨터그래픽스\2018\추가예제-자료실등록\block_game\debug\cl.command.1.tlog
d:\a. 컴퓨터그래픽스\2018\추가예제-자료실등록\block_game\debug\cl.read.1.tlog
d:\a. 컴퓨터그래픽스\2018\추가예제-자료실등록\block_game\debug\cl.write.1.tlog
d:\a. 컴퓨터그래픽스\2018\추가예제-자료실등록\block_game\debug\game.write.1.tlog
d:\a. 컴퓨터그래픽스\2018\추가예제-자료실등록\block_game\debug\link-cvtres.read.1.tlog
d:\a. 컴퓨터그래픽스\2018\추가예제-자료실등록\block_game\debug\link-cvtres.write.1.tlog
d:\a. 컴퓨터그래픽스\2018\추가예제-자료실등록\block_game\debug\link.8612-cvtres.read.1.tlog
d:\a. 컴퓨터그래픽스\2018\추가예제-자료실등록\block_game\debug\link.8612-cvtres.write.1.tlog
d:\a. 컴퓨터그래픽스\2018\추가예제-자료실등록\block_game\debug\link.8612.read.1.tlog
d:\a. 컴퓨터그래픽스\2018\추가예제-자료실등록\block_game\debug\link.8612.write.1.tlog
d:\a. 컴퓨터그래픽스\2018\추가예제-자료실등록\block_game\debug\link.command.1.tlog
d:\a. 컴퓨터그래픽스\2018\추가예제-자료실등록\block_game\debug\link.read.1.tlog
d:\a. 컴퓨터그래픽스\2018\추가예제-자료실등록\block_game\debug\link.write.1.tlog
d:\a. 컴퓨터그래픽스\2018\추가예제-자료실등록\block_game\debug\mt.command.1.tlog
d:\a. 컴퓨터그래픽스\2018\추가예제-자료실등록\block_game\debug\mt.read.1.tlog
d:\a. 컴퓨터그래픽스\2018\추가예제-자료실등록\block_game\debug\mt.write.1.tlog
d:\a. 컴퓨터그래픽스\2018\추가예제-자료실등록\block_game\debug\rc.command.1.tlog
d:\a. 컴퓨터그래픽스\2018\추가예제-자료실등록\block_game\debug\rc.read.1.tlog
d:\a. 컴퓨터그래픽스\2018\추가예제-자료실등록\block_game\debug\rc.write.1.tlog
d:\a. 컴퓨터그래픽스\2018\추가예제-자료실등록\block_game\debug\game.exe.embed.manifest
d:\a. 컴퓨터그래픽스\2018\추가예제-자료실등록\block_game\debug\game.exe.intermediate.manifest
d:\a. 컴퓨터그래픽스\2018\추가예제-자료실등록\block_game\debug\game.exe.embed.manifest.res
d:\a. 컴퓨터그래픽스\2018\추가예제-자료실등록\block_game\debug\vc100.idb
d:\a. 컴퓨터그래픽스\2018\추가예제-자료실등록\block_game\debug\game.pdb
d:\a. 컴퓨터그래픽스\2018\추가예제-자료실등록\block_game\debug\vc100.pdb
d:\a. 컴퓨터그래픽스\2018\추가예제-자료실등록\block_game\debug\game_manifest.rc
d:\a. 컴퓨터그래픽스\2018\추가예제-자료실등록\block_game\debug\game.exe
