d:\a. 컴퓨터그래픽스\2016\추가예제-자료실등록\animation_camera\debug\animation_camera.obj
d:\a. 컴퓨터그래픽스\2016\추가예제-자료실등록\animation_camera\debug\vc100.pdb
d:\a. 컴퓨터그래픽스\2016\추가예제-자료실등록\animation_camera\debug\animation_camera.ilk
d:\a. 컴퓨터그래픽스\2016\추가예제-자료실등록\animation_camera\debug\animation_camera.exe
d:\a. 컴퓨터그래픽스\2016\추가예제-자료실등록\animation_camera\debug\animation_camera.exe.intermediate.manifest
d:\a. 컴퓨터그래픽스\2016\추가예제-자료실등록\animation_camera\debug\animation_camera.pdb
d:\a. 컴퓨터그래픽스\2016\추가예제-자료실등록\animation_camera\debug\animation_camera.exe.embed.manifest
d:\a. 컴퓨터그래픽스\2016\추가예제-자료실등록\animation_camera\debug\animation_camera.exe.embed.manifest.res
d:\a. 컴퓨터그래픽스\2018\추가예제-자료실등록\animation_camera\debug\animation_camera.obj
d:\a. 컴퓨터그래픽스\2018\추가예제-자료실등록\animation_camera\debug\animation_camera.ilk
d:\a. 컴퓨터그래픽스\2018\추가예제-자료실등록\animation_camera\debug\animation_camera.write.1.tlog
d:\a. 컴퓨터그래픽스\2018\추가예제-자료실등록\animation_camera\debug\cl.command.1.tlog
d:\a. 컴퓨터그래픽스\2018\추가예제-자료실등록\animation_camera\debug\cl.read.1.tlog
d:\a. 컴퓨터그래픽스\2018\추가예제-자료실등록\animation_camera\debug\cl.write.1.tlog
d:\a. 컴퓨터그래픽스\2018\추가예제-자료실등록\animation_camera\debug\link-cvtres.read.1.tlog
d:\a. 컴퓨터그래픽스\2018\추가예제-자료실등록\animation_camera\debug\link-cvtres.write.1.tlog
d:\a. 컴퓨터그래픽스\2018\추가예제-자료실등록\animation_camera\debug\link.17544-cvtres.read.1.tlog
d:\a. 컴퓨터그래픽스\2018\추가예제-자료실등록\animation_camera\debug\link.17544-cvtres.write.1.tlog
d:\a. 컴퓨터그래픽스\2018\추가예제-자료실등록\animation_camera\debug\link.17544.read.1.tlog
d:\a. 컴퓨터그래픽스\2018\추가예제-자료실등록\animation_camera\debug\link.17544.write.1.tlog
d:\a. 컴퓨터그래픽스\2018\추가예제-자료실등록\animation_camera\debug\link.command.1.tlog
d:\a. 컴퓨터그래픽스\2018\추가예제-자료실등록\animation_camera\debug\link.read.1.tlog
d:\a. 컴퓨터그래픽스\2018\추가예제-자료실등록\animation_camera\debug\link.write.1.tlog
d:\a. 컴퓨터그래픽스\2018\추가예제-자료실등록\animation_camera\debug\mt.command.1.tlog
d:\a. 컴퓨터그래픽스\2018\추가예제-자료실등록\animation_camera\debug\mt.read.1.tlog
d:\a. 컴퓨터그래픽스\2018\추가예제-자료실등록\animation_camera\debug\mt.write.1.tlog
d:\a. 컴퓨터그래픽스\2018\추가예제-자료실등록\animation_camera\debug\rc.command.1.tlog
d:\a. 컴퓨터그래픽스\2018\추가예제-자료실등록\animation_camera\debug\rc.read.1.tlog
d:\a. 컴퓨터그래픽스\2018\추가예제-자료실등록\animation_camera\debug\rc.write.1.tlog
d:\a. 컴퓨터그래픽스\2018\추가예제-자료실등록\animation_camera\debug\animation_camera.exe.embed.manifest
d:\a. 컴퓨터그래픽스\2018\추가예제-자료실등록\animation_camera\debug\animation_camera.exe.intermediate.manifest
d:\a. 컴퓨터그래픽스\2018\추가예제-자료실등록\animation_camera\debug\animation_camera.exe.embed.manifest.res
d:\a. 컴퓨터그래픽스\2018\추가예제-자료실등록\animation_camera\debug\vc100.idb
d:\a. 컴퓨터그래픽스\2018\추가예제-자료실등록\animation_camera\debug\animation_camera.pdb
d:\a. 컴퓨터그래픽스\2018\추가예제-자료실등록\animation_camera\debug\vc100.pdb
d:\a. 컴퓨터그래픽스\2018\추가예제-자료실등록\animation_camera\debug\animation_camera_manifest.rc
d:\a. 컴퓨터그래픽스\2018\추가예제-자료실등록\animation_camera\debug\animation_camera.exe
