d:\a. 컴퓨터그래픽스\2016\추가예제-자료실등록\light_fixed\debug\light_fixed.obj
d:\a. 컴퓨터그래픽스\2016\추가예제-자료실등록\light_fixed\debug\vc100.pdb
d:\a. 컴퓨터그래픽스\2016\추가예제-자료실등록\light_fixed\debug\light_fixed.ilk
d:\a. 컴퓨터그래픽스\2016\추가예제-자료실등록\light_fixed\debug\light_fixed.exe
d:\a. 컴퓨터그래픽스\2016\추가예제-자료실등록\light_fixed\debug\light_fixed.exe.intermediate.manifest
d:\a. 컴퓨터그래픽스\2016\추가예제-자료실등록\light_fixed\debug\light_fixed.pdb
d:\a. 컴퓨터그래픽스\2016\추가예제-자료실등록\light_fixed\debug\light_fixed.exe.embed.manifest
d:\a. 컴퓨터그래픽스\2016\추가예제-자료실등록\light_fixed\debug\light_fixed.exe.embed.manifest.res
d:\a. 컴퓨터그래픽스\2018\추가예제-자료실등록\light_fixed\debug\light_fixed.obj
d:\a. 컴퓨터그래픽스\2018\추가예제-자료실등록\light_fixed\debug\light_fixed.ilk
d:\a. 컴퓨터그래픽스\2018\추가예제-자료실등록\light_fixed\debug\cl.command.1.tlog
d:\a. 컴퓨터그래픽스\2018\추가예제-자료실등록\light_fixed\debug\cl.read.1.tlog
d:\a. 컴퓨터그래픽스\2018\추가예제-자료실등록\light_fixed\debug\cl.write.1.tlog
d:\a. 컴퓨터그래픽스\2018\추가예제-자료실등록\light_fixed\debug\light_fixed.write.1.tlog
d:\a. 컴퓨터그래픽스\2018\추가예제-자료실등록\light_fixed\debug\link-cvtres.read.1.tlog
d:\a. 컴퓨터그래픽스\2018\추가예제-자료실등록\light_fixed\debug\link-cvtres.write.1.tlog
d:\a. 컴퓨터그래픽스\2018\추가예제-자료실등록\light_fixed\debug\link.13936-cvtres.read.1.tlog
d:\a. 컴퓨터그래픽스\2018\추가예제-자료실등록\light_fixed\debug\link.13936-cvtres.write.1.tlog
d:\a. 컴퓨터그래픽스\2018\추가예제-자료실등록\light_fixed\debug\link.13936.read.1.tlog
d:\a. 컴퓨터그래픽스\2018\추가예제-자료실등록\light_fixed\debug\link.13936.write.1.tlog
d:\a. 컴퓨터그래픽스\2018\추가예제-자료실등록\light_fixed\debug\link.command.1.tlog
d:\a. 컴퓨터그래픽스\2018\추가예제-자료실등록\light_fixed\debug\link.read.1.tlog
d:\a. 컴퓨터그래픽스\2018\추가예제-자료실등록\light_fixed\debug\link.write.1.tlog
d:\a. 컴퓨터그래픽스\2018\추가예제-자료실등록\light_fixed\debug\mt.command.1.tlog
d:\a. 컴퓨터그래픽스\2018\추가예제-자료실등록\light_fixed\debug\mt.read.1.tlog
d:\a. 컴퓨터그래픽스\2018\추가예제-자료실등록\light_fixed\debug\mt.write.1.tlog
d:\a. 컴퓨터그래픽스\2018\추가예제-자료실등록\light_fixed\debug\rc.command.1.tlog
d:\a. 컴퓨터그래픽스\2018\추가예제-자료실등록\light_fixed\debug\rc.read.1.tlog
d:\a. 컴퓨터그래픽스\2018\추가예제-자료실등록\light_fixed\debug\rc.write.1.tlog
d:\a. 컴퓨터그래픽스\2018\추가예제-자료실등록\light_fixed\debug\light_fixed.exe.embed.manifest
d:\a. 컴퓨터그래픽스\2018\추가예제-자료실등록\light_fixed\debug\light_fixed.exe.intermediate.manifest
d:\a. 컴퓨터그래픽스\2018\추가예제-자료실등록\light_fixed\debug\light_fixed.exe.embed.manifest.res
d:\a. 컴퓨터그래픽스\2018\추가예제-자료실등록\light_fixed\debug\vc100.idb
d:\a. 컴퓨터그래픽스\2018\추가예제-자료실등록\light_fixed\debug\light_fixed.pdb
d:\a. 컴퓨터그래픽스\2018\추가예제-자료실등록\light_fixed\debug\vc100.pdb
d:\a. 컴퓨터그래픽스\2018\추가예제-자료실등록\light_fixed\debug\light_fixed_manifest.rc
d:\a. 컴퓨터그래픽스\2018\추가예제-자료실등록\light_fixed\debug\light_fixed.exe
